[01:15:59] [main/INFO]: Using mbed TLS based native cipher.
[01:15:59] [main/INFO]: Using zlib based native compressor.
[01:15:59] [main/INFO]: Enabled Waterfall version git:Waterfall-Bootstrap:1.19-R0.1-SNAPSHOT:f6069e2:513
[01:15:59] [main/INFO]: Not on Windows, attempting to use enhanced EpollEventLoop
[01:16:00] [main/INFO]: Epoll is working, utilising it!
[01:16:00] [main/INFO]: Discovered module: ModuleSpec(name=cmd_alert, file=modules/cmd_alert.jar, provider=JenkinsModuleSource())
[01:16:00] [main/INFO]: Discovered module: ModuleSpec(name=cmd_find, file=modules/cmd_find.jar, provider=JenkinsModuleSource())
[01:16:00] [main/INFO]: Discovered module: ModuleSpec(name=cmd_list, file=modules/cmd_list.jar, provider=JenkinsModuleSource())
[01:16:00] [main/INFO]: Discovered module: ModuleSpec(name=cmd_send, file=modules/cmd_send.jar, provider=JenkinsModuleSource())
[01:16:00] [main/INFO]: Discovered module: ModuleSpec(name=cmd_server, file=modules/cmd_server.jar, provider=JenkinsModuleSource())
[01:16:00] [main/INFO]: Discovered module: ModuleSpec(name=reconnect_yaml, file=modules/reconnect_yaml.jar, provider=JenkinsModuleSource())
[01:16:00] [main/INFO]: Loaded plugin reconnect_yaml version git:reconnect_yaml:1.19-R0.1-SNAPSHOT:f6069e2:513 by WaterfallMC
[01:16:00] [main/INFO]: Loaded plugin cmd_find version git:cmd_find:1.19-R0.1-SNAPSHOT:f6069e2:513 by WaterfallMC
[01:16:00] [main/INFO]: Loaded plugin cmd_server version git:cmd_server:1.19-R0.1-SNAPSHOT:f6069e2:513 by WaterfallMC
[01:16:00] [main/INFO]: Loaded plugin cmd_alert version git:cmd_alert:1.19-R0.1-SNAPSHOT:f6069e2:513 by WaterfallMC
[01:16:00] [main/INFO]: Loaded plugin cmd_send version git:cmd_send:1.19-R0.1-SNAPSHOT:f6069e2:513 by WaterfallMC
[01:16:00] [main/INFO]: Loaded plugin cmd_list version git:cmd_list:1.19-R0.1-SNAPSHOT:f6069e2:513 by WaterfallMC
[01:16:00] [main/INFO]: Loaded plugin EaglercraftXBungee version 1.0.6 by lax1dude
[01:16:01] [main/INFO]: Enabled plugin reconnect_yaml version git:reconnect_yaml:1.19-R0.1-SNAPSHOT:f6069e2:513 by WaterfallMC
[01:16:01] [main/INFO]: Enabled plugin cmd_find version git:cmd_find:1.19-R0.1-SNAPSHOT:f6069e2:513 by WaterfallMC
[01:16:01] [main/INFO]: Enabled plugin cmd_server version git:cmd_server:1.19-R0.1-SNAPSHOT:f6069e2:513 by WaterfallMC
[01:16:01] [main/INFO]: Enabled plugin cmd_alert version git:cmd_alert:1.19-R0.1-SNAPSHOT:f6069e2:513 by WaterfallMC
[01:16:01] [main/INFO]: Enabled plugin cmd_send version git:cmd_send:1.19-R0.1-SNAPSHOT:f6069e2:513 by WaterfallMC
[01:16:01] [main/INFO]: Enabled plugin cmd_list version git:cmd_list:1.19-R0.1-SNAPSHOT:f6069e2:513 by WaterfallMC
[01:16:01] [main/ERROR] [EaglercraftXBungee]: Online mode is set to false! Authentication system has been disabled
[01:16:01] [Netty Worker IO Thread #0/INFO] [EaglercraftXBungee]: Eaglercraft is listening on: /127.0.0.1:8081
[01:16:01] [main/INFO] [EaglercraftXBungee]: Connected to database: jdbc:sqlite:eaglercraft_skins_cache.db
[01:16:02] [main/INFO]: Enabled plugin EaglercraftXBungee version 1.0.6 by lax1dude
[01:16:02] [Netty Boss IO Thread #0/INFO]: Listening on /127.0.0.1:25577
[01:18:24] [Netty Worker IO Thread #5/INFO] [EaglercraftXBungee]: [/127.0.0.1:34538]: Connected via websocket
[01:18:24] [Netty Worker IO Thread #5/INFO] [EaglercraftXBungee]: [/127.0.0.1:34538]: Origin header is null
[01:18:24] [Netty Worker IO Thread #5/INFO] [EaglercraftXBungee]: [/127.0.0.1:34538]: Logged in as 'Sedjf'
[01:18:24] [Netty Worker IO Thread #5/INFO]: [/127.0.0.1:34538|Sedjf] -> UpstreamBridge has connected
[01:18:24] [Netty Worker IO Thread #5/INFO]: [Sedjf|/127.0.0.1:34538] <-> ServerConnector [server] has connected
[01:27:41] [Netty Worker IO Thread #5/INFO]: [/127.0.0.1:34538|Sedjf] -> UpstreamBridge has disconnected
[01:27:41] [Netty Worker IO Thread #5/INFO]: [Sedjf] disconnected with: Proxy lost connection to server.
[01:27:41] [Netty Worker IO Thread #5/INFO]: [/127.0.0.1:34538|Sedjf] <-> DownstreamBridge <-> [server] has disconnected
[01:27:50] [main/ERROR]: Exception in thread "main" java.io.IOError: java.io.IOException: Input/output error
[01:27:50] [main/ERROR]: 	at org.jline.keymap.BindingReader.readCharacter(BindingReader.java:170)
[01:27:50] [main/ERROR]: 	at org.jline.keymap.BindingReader.readBinding(BindingReader.java:110)
[01:27:50] [main/ERROR]: 	at org.jline.keymap.BindingReader.readBinding(BindingReader.java:61)
[01:27:50] [main/ERROR]: 	at org.jline.reader.impl.LineReaderImpl.doReadBinding(LineReaderImpl.java:923)
[01:27:50] [main/ERROR]: 	at org.jline.reader.impl.LineReaderImpl.readBinding(LineReaderImpl.java:956)
[01:27:50] [main/ERROR]: 	at org.jline.reader.impl.LineReaderImpl.readLine(LineReaderImpl.java:651)
[01:27:50] [main/ERROR]: 	at org.jline.reader.impl.LineReaderImpl.readLine(LineReaderImpl.java:468)
[01:27:50] [main/ERROR]: 	at net.minecrell.terminalconsole.SimpleTerminalConsole.readCommands(SimpleTerminalConsole.java:158)
[01:27:50] [main/ERROR]: 	at net.minecrell.terminalconsole.SimpleTerminalConsole.start(SimpleTerminalConsole.java:141)
[01:27:50] [main/ERROR]: 	at net.md_5.bungee.BungeeCordLauncher.main(BungeeCordLauncher.java:72)
[01:27:50] [main/ERROR]: 	at net.md_5.bungee.Bootstrap.main(Bootstrap.java:15)
[01:27:50] [main/ERROR]: Caused by: java.io.IOException: Input/output error
[01:27:50] [main/ERROR]: 	at java.base/java.io.FileInputStream.read0(Native Method)
[01:27:50] [main/ERROR]: 	at java.base/java.io.FileInputStream.read(FileInputStream.java:231)
[01:27:50] [main/ERROR]: 	at org.jline.terminal.impl.AbstractPty$PtyInputStream.read(AbstractPty.java:73)
[01:27:50] [main/ERROR]: 	at org.jline.utils.NonBlockingInputStream.read(NonBlockingInputStream.java:62)
[01:27:50] [main/ERROR]: 	at org.jline.utils.NonBlocking$NonBlockingInputStreamReader.read(NonBlocking.java:168)
[01:27:50] [main/ERROR]: 	at org.jline.utils.NonBlockingReader.read(NonBlockingReader.java:57)
[01:27:50] [main/ERROR]: 	at org.jline.keymap.BindingReader.readCharacter(BindingReader.java:160)
[01:27:50] [main/ERROR]: 	... 10 more
